app/build/outputs/mapping/release/configuration.txt
# The proguard configuration file for the following section is default_proguard_files\global\proguard-android.txt-7.3.1
# This is a configuration file for ProGuard.
# http://proguard.sourceforge.net/index.html#manual/usage.html
#
# Starting with version 2.2 of the Android plugin for Gradle, this file is distributed together with
# the plugin and unpacked at build-time. The files in $ANDROID_HOME are no longer maintained and
# will be ignored by new version of the Android plugin for Gradle.

# Optimization is turned off by default. Dex does not like code run
# through the ProGuard optimize steps (and performs some
# of these optimizations on its own).
# Note that if you want to enable optimization, you cannot just
# include optimization flags in your own project configuration file;
# instead you will need to point to the
# "proguard-android-optimize.txt" file instead of this one from your
# project.properties file.
-dontoptimize

-dontusemixedcaseclassnames
-dontskipnonpubliclibraryclasses
-verbose

# Preserve some attributes that may be required for reflection.
-keepattributes AnnotationDefault,
                EnclosingMethod,
                InnerClasses,
                RuntimeVisibleAnnotations,
                RuntimeVisibleParameterAnnotations,
                RuntimeVisibleTypeAnnotations,
                Signature

-keep public class com.google.vending.licensing.ILicensingService
-keep public class com.android.vending.licensing.ILicensingService
-keep public class com.google.android.vending.licensing.ILicensingService
-dontnote com.android.vending.licensing.ILicensingService
-dontnote com.google.vending.licensing.ILicensingService
-dontnote com.google.android.vending.licensing.ILicensingService

# For native methods, see http://proguard.sourceforge.net/manual/examples.html#native
-keepclasseswithmembernames,includedescriptorclasses class * {
    native <methods>;
}

# Keep setters in Views so that animations can still work.
-keepclassmembers public class * extends android.view.View {
    void set*(***);
    *** get*();
}

# We want to keep methods in Activity that could be used in the XML attribute onClick.
-keepclassmembers class * extends android.app.Activity {
    public void *(android.view.View);
}

# For enumeration classes, see http://proguard.sourceforge.net/manual/examples.html#enumerations
-keepclassmembers enum * {
    public static **[] values();
    public static ** valueOf(java.lang.String);
}

-keepclassmembers class * implements android.os.Parcelable {
    public static final ** CREATOR;
}

# Preserve annotated Javascript interface methods.
-keepclassmembers class * {
    @android.webkit.JavascriptInterface <methods>;
}

# The support libraries contains references to newer platform versions.
# Don't warn about those in case this app is linking against an older
# platform version. We know about them, and they are safe.
-dontnote android.support.**
-dontnote androidx.**
-dontwarn android.support.**
-dontwarn androidx.**

# This class is deprecated, but remains for backward compatibility.
-dontwarn android.util.FloatMath

# Understand the @Keep support annotation.
-keep class android.support.annotation.Keep
-keep class androidx.annotation.Keep

-keep @android.support.annotation.Keep class * {*;}
-keep @androidx.annotation.Keep class * {*;}

-keepclasseswithmembers class * {
    @android.support.annotation.Keep <methods>;
}

-keepclasseswithmembers class * {
    @androidx.annotation.Keep <methods>;
}

-keepclasseswithmembers class * {
    @android.support.annotation.Keep <fields>;
}

-keepclasseswithmembers class * {
    @androidx.annotation.Keep <fields>;
}

-keepclasseswithmembers class * {
    @android.support.annotation.Keep <init>(...);
}

-keepclasseswithmembers class * {
    @androidx.annotation.Keep <init>(...);
}

# These classes are duplicated between android.jar and org.apache.http.legacy.jar.
-dontnote org.apache.http.**
-dontnote android.net.http.**

# These classes are duplicated between android.jar and core-lambda-stubs.jar.
-dontnote java.lang.invoke.**

# End of content from default_proguard_files\global\proguard-android.txt-7.3.1
# The proguard configuration file for the following section is Hentoid-1.17.1\app\proguard-rules.pro
# Add project specific ProGuard rules here.
# By default, the flags in this file are appended to flags specified
# in ${sdk.dir}/tools/proguard/proguard-android.txt
# You can edit the include path and order by changing the proguardFiles
# directive in build.gradle.
#
# For more details, see
#   http://developer.android.com/guide/developing/tools/proguard.html

# Add any project specific keep options here:

# If your project uses WebView with JS, uncomment the following
# and specify the fully qualified class name to the JavaScript interface
# class:
#-keepclassmembers class fqcn.of.javascript.interface.for.webview {
#   public *;
#}

# End of content from Hentoid-1.17.1\app\proguard-rules.pro
# The proguard configuration file for the following section is Hentoid-1.17.1\app\proguard-rules-release.pro
# The simpliest strategy is to not run proguard against your project's own code.
# This doesn't provide the benefits of optimization & obfuscation against your 
# project, but will still strip the libraries. The advantage is that your app will
# work without any subsequent effort. If you choose this strategy, the proguard
# configuration for the project is simply the line below.

#-keep class com.yourpackage.app.** { *; }

# The more involved strategy is to specifically provide rules to keep portions of your
# app's codebase unmodified while allowing proguard to optimize the rest. 

# The first decision is whether or not you want to obfuscate your code. This provides no
# performance benefit but makes it harder for other people to read your source code. 
# Unfortunately obfuscation can cause issues for code that uses reflection or a few other
# techniques. The default is to obfuscate.

-dontobfuscate

# Additionally you will need to keep specific classes. A common use case is keeping all
# of the models that are JSON parsed using something like Jackson.

#-keep class com.yourpackage.app.model.User { *; }

-ignorewarnings
-optimizationpasses 5
-dontusemixedcaseclassnames
-dontskipnonpubliclibraryclasses
-dontpreverify
-verbose
-optimizations !code/simplification/arithmetic,!field/*,!class/merging/*

#keep rules

-keep class me.devsaki.hentoid.parsers.content.** { *; }
-keep class me.devsaki.hentoid.json.** { *; }
-keep class com.bumptech.glide.integration.okhttp3.OkHttpGlideModule

-keep class androidx.paging.PagedListAdapter.** { *; }
-keep class androidx.paging.AsyncPagedListDiffer.** { *; }
-keep public class * extends android.app.Activity
-keep public class * extends android.app.Application
-keep public class * extends android.app.Service
-keep public class * extends android.content.BroadcastReceiver
-keep public class * extends android.content.ContentProvider
-keep public class * extends android.app.backup.BackupAgentHelper
-keep public class * extends android.preference.Preference
-keep public class * implements java.io.Serializable
-keep public class * extends android.view.View {
    public <init>(android.content.Context);
    public <init>(android.content.Context, android.util.AttributeSet);
    public <init>(android.content.Context, android.util.AttributeSet, int);
}
-keepclasseswithmembernames class * {
    native <methods>;
}
-keepclasseswithmembers class * {
    public <init>(android.content.Context, android.util.AttributeSet);
}
-keepclasseswithmembers class * {
    public <init>(android.content.Context, android.util.AttributeSet, int);
}
-keepclassmembers class * extends android.app.Activity {
   public void *(android.view.View);
}
-keepclassmembers class * extends android.content.Context {
    public void *(android.view.View);
    public void *(android.view.MenuItem);
}
-keepclassmembers enum me.devsaki.hentoid.** { *; }
-keepclassmembers enum * {
    public static **[] values();
    public static ** valueOf(java.lang.String);
}
-keep class * implements android.os.Parcelable {
  public static final android.os.Parcelable$Creator *;
}
-keepclassmembers class * implements java.io.Serializable {
    static final long serialVersionUID;
    private static final java.io.ObjectStreamField[] serialPersistentFields;
    private void writeObject(java.io.ObjectOutputStream);
    private void readObject(java.io.ObjectInputStream);
    java.lang.Object writeReplace();
    java.lang.Object readResolve();
}

-keepattributes InnerClasses
-keepattributes EnclosingMethod
# End of content from Hentoid-1.17.1\app\proguard-rules-release.pro
# The proguard configuration file for the following section is Hentoid-1.17.1\.proguard\proguard-7zip.pro
-keep class net.sf.sevenzipjbinding.** { *; }
# End of content from Hentoid-1.17.1\.proguard\proguard-7zip.pro
# The proguard configuration file for the following section is Hentoid-1.17.1\.proguard\proguard-classgraph.pro
-keep class io.github.classgraph.** { *; }
-keep class nonapi.io.github.classgraph.** { *; }
# End of content from Hentoid-1.17.1\.proguard\proguard-classgraph.pro
# The proguard configuration file for the following section is Hentoid-1.17.1\.proguard\proguard-eventbus-3.pro
## New rules for EventBus 3.0.x ##
# http://greenrobot.org/eventbus/documentation/proguard/

-keepattributes *Annotation*
-keepclassmembers class * {
    @org.greenrobot.eventbus.Subscribe <methods>;
}
-keep enum org.greenrobot.eventbus.ThreadMode { *; }

# And if you use AsyncExecutor:
-keepclassmembers class * extends org.greenrobot.eventbus.util.ThrowableFailureEvent {
    <init>(java.lang.Throwable);
}
# End of content from Hentoid-1.17.1\.proguard\proguard-eventbus-3.pro
# The proguard configuration file for the following section is Hentoid-1.17.1\.proguard\proguard-glide-webp.pro
-keep public class com.bumptech.glide.integration.webp.WebpImage { *; }
-keep public class com.bumptech.glide.integration.webp.WebpFrame { *; }
-keep public class com.bumptech.glide.integration.webp.WebpBitmapFactory { *; }
# End of content from Hentoid-1.17.1\.proguard\proguard-glide-webp.pro
# The proguard configuration file for the following section is Hentoid-1.17.1\.proguard\proguard-glide.pro
# Glide specific rules #
# https://github.com/bumptech/glide

-keep public class * extends com.bumptech.glide.module.AppGlideModule
-keep class com.bumptech.glide.GeneratedAppGlideModuleImpl

-keep public enum com.bumptech.glide.load.ImageHeaderParser$** {
  **[] $VALUES;
  public *;
}
# End of content from Hentoid-1.17.1\.proguard\proguard-glide.pro
# The proguard configuration file for the following section is Hentoid-1.17.1\.proguard\proguard-google-play-services.pro
## Google Play Services 4.3.23 specific rules ##
## https://developer.android.com/google/play-services/setup.html#Proguard ##

-keep class * extends java.util.ListResourceBundle {
    protected Object[][] getContents();
}

-keep public class com.google.android.gms.common.internal.safeparcel.SafeParcelable {
    public static final *** NULL;
}

-keepnames @com.google.android.gms.common.annotation.KeepName class *
-keepclassmembernames class * {
    @com.google.android.gms.common.annotation.KeepName *;
}

-keepnames class * implements android.os.Parcelable {
    public static final ** CREATOR;
}

# End of content from Hentoid-1.17.1\.proguard\proguard-google-play-services.pro
# The proguard configuration file for the following section is Hentoid-1.17.1\.proguard\proguard-jsoup.pro
-keeppackagenames org.jsoup.nodes

# End of content from Hentoid-1.17.1\.proguard\proguard-jsoup.pro
# The proguard configuration file for the following section is Hentoid-1.17.1\.proguard\proguard-moshi.pro
# JSR 305 annotations are for embedding nullability information.
-dontwarn javax.annotation.**

-keepclasseswithmembers class * {
    @com.squareup.moshi.* <methods>;
}

-keep @com.squareup.moshi.JsonQualifier interface *

# Enum field names are used by the integrated EnumJsonAdapter.
# Annotate enums with @JsonClass(generateAdapter = false) to use them with Moshi.
-keepclassmembers @com.squareup.moshi.JsonClass class * extends java.lang.Enum {
    <fields>;
}

# The name of @JsonClass types is used to look up the generated adapter.
-keepnames @com.squareup.moshi.JsonClass class *

# Retain generated target class's synthetic defaults constructor and keep DefaultConstructorMarker's
# name. We will look this up reflectively to invoke the type's constructor.
#
# We can't _just_ keep the defaults constructor because Proguard/R8's spec doesn't allow wildcard
# matching preceding parameters.
-keepnames class kotlin.jvm.internal.DefaultConstructorMarker
-keepclassmembers @com.squareup.moshi.JsonClass @kotlin.Metadata class * {
    synthetic <init>(...);
}

# Retain generated JsonAdapters if annotated type is retained.
-if @com.squareup.moshi.JsonClass class *
-keep class <1>JsonAdapter {
    <init>(...);
    <fields>;
}
-if @com.squareup.moshi.JsonClass class **$*
-keep class <1>_<2>JsonAdapter {
    <init>(...);
    <fields>;
}
-if @com.squareup.moshi.JsonClass class **$*$*
-keep class <1>_<2>_<3>JsonAdapter {
    <init>(...);
    <fields>;
}
-if @com.squareup.moshi.JsonClass class **$*$*$*
-keep class <1>_<2>_<3>_<4>JsonAdapter {
    <init>(...);
    <fields>;
}
-if @com.squareup.moshi.JsonClass class **$*$*$*$*
-keep class <1>_<2>_<3>_<4>_<5>JsonAdapter {
    <init>(...);
    <fields>;
}
-if @com.squareup.moshi.JsonClass class **$*$*$*$*$*
-keep class <1>_<2>_<3>_<4>_<5>_<6>JsonAdapter {
    <init>(...);
    <fields>;
}
# End of content from Hentoid-1.17.1\.proguard\proguard-moshi.pro
# The proguard configuration file for the following section is Hentoid-1.17.1\.proguard\proguard-objectbox.pro
# Glide specific rules for buggy devices #
# https://docs.objectbox.io/android/app-bundle-and-split-apk

-keep class com.getkeepsafe.relinker.** { *; }
# End of content from Hentoid-1.17.1\.proguard\proguard-objectbox.pro
# The proguard configuration file for the following section is Hentoid-1.17.1\.proguard\proguard-okhttp.pro
## Fix for https://github.com/square/okhttp/issues/6299
-dontwarn org.conscrypt.ConscryptHostnameVerifier
## Fix for https://github.com/square/okhttp/issues/6258
-dontwarn org.bouncycastle.jsse.BCSSLSocket
-dontwarn org.bouncycastle.jsse.BCSSLParameters
-dontwarn org.bouncycastle.jsse.provider.BouncyCastleJsseProvider
-dontwarn org.conscrypt.*
-dontwarn org.openjsse.javax.net.ssl.SSLParameters
-dontwarn org.openjsse.javax.net.ssl.SSLSocket
-dontwarn org.openjsse.net.ssl.OpenJSSE
# End of content from Hentoid-1.17.1\.proguard\proguard-okhttp.pro
# The proguard configuration file for the following section is Hentoid-1.17.1\.proguard\proguard-square-okio.pro
# Okio
# Animal Sniffer compileOnly dependency to ensure APIs are compatible with older versions of Java.
-dontwarn org.codehaus.mojo.animal_sniffer.*
# End of content from Hentoid-1.17.1\.proguard\proguard-square-okio.pro
# The proguard configuration file for the following section is Hentoid-1.17.1\.proguard\proguard-submarine.pro
# Submarine specific rules #
# https://github.com/skydoves/Submarine

#-keep class com.skydoves.submarine.SubmarineView { *; }
# End of content from Hentoid-1.17.1\.proguard\proguard-submarine.pro
# The proguard configuration file for the following section is aapt_proguard_file\release\aapt_rules.txt
-keep class androidx.core.app.CoreComponentFactory { <init>(); }
-keep class androidx.core.content.FileProvider { <init>(); }
-keep class androidx.room.MultiInstanceInvalidationService { <init>(); }
-keep class androidx.startup.InitializationProvider { <init>(); }
-keep class androidx.work.impl.background.systemalarm.ConstraintProxy$BatteryChargingProxy { <init>(); }
-keep class androidx.work.impl.background.systemalarm.ConstraintProxy$BatteryNotLowProxy { <init>(); }
-keep class androidx.work.impl.background.systemalarm.ConstraintProxy$NetworkStateProxy { <init>(); }
-keep class androidx.work.impl.background.systemalarm.ConstraintProxy$StorageNotLowProxy { <init>(); }
-keep class androidx.work.impl.background.systemalarm.ConstraintProxyUpdateReceiver { <init>(); }
-keep class androidx.work.impl.background.systemalarm.RescheduleReceiver { <init>(); }
-keep class androidx.work.impl.background.systemalarm.SystemAlarmService { <init>(); }
-keep class androidx.work.impl.background.systemjob.SystemJobService { <init>(); }
-keep class androidx.work.impl.diagnostics.DiagnosticsReceiver { <init>(); }
-keep class androidx.work.impl.foreground.SystemForegroundService { <init>(); }
-keep class androidx.work.impl.utils.ForceStopRunnable$BroadcastReceiver { <init>(); }
-keep class com.google.android.datatransport.runtime.backends.TransportBackendDiscovery { <init>(); }
-keep class com.google.android.datatransport.runtime.scheduling.jobscheduling.AlarmManagerSchedulerBroadcastReceiver { <init>(); }
-keep class com.google.android.datatransport.runtime.scheduling.jobscheduling.JobInfoSchedulerService { <init>(); }
-keep class com.google.android.gms.measurement.AppMeasurementJobService { <init>(); }
-keep class com.google.android.gms.measurement.AppMeasurementReceiver { <init>(); }
-keep class com.google.android.gms.measurement.AppMeasurementService { <init>(); }
-keep class com.google.firebase.components.ComponentDiscoveryService { <init>(); }
-keep class com.google.firebase.provider.FirebaseInitProvider { <init>(); }
-keep class com.mikepenz.aboutlibraries.ui.LibsActivity { <init>(); }
-keep class me.devsaki.hentoid.activities.AboutActivity { <init>(); }
-keep class me.devsaki.hentoid.activities.Api29MigrationActivity { <init>(); }
-keep class me.devsaki.hentoid.activities.DrawerEditActivity { <init>(); }
-keep class me.devsaki.hentoid.activities.DuplicateDetectorActivity { <init>(); }
-keep class me.devsaki.hentoid.activities.IntentActivity { <init>(); }
-keep class me.devsaki.hentoid.activities.IntroActivity { <init>(); }
-keep class me.devsaki.hentoid.activities.LibraryActivity { <init>(); }
-keep class me.devsaki.hentoid.activities.MetadataEditActivity { <init>(); }
-keep class me.devsaki.hentoid.activities.MissingWebViewActivity { <init>(); }
-keep class me.devsaki.hentoid.activities.PinPreferenceActivity { <init>(); }
-keep class me.devsaki.hentoid.activities.PrefsActivity { <init>(); }
-keep class me.devsaki.hentoid.activities.QueueActivity { <init>(); }
-keep class me.devsaki.hentoid.activities.ReaderActivity { <init>(); }
-keep class me.devsaki.hentoid.activities.RenamingRulesActivity { <init>(); }
-keep class me.devsaki.hentoid.activities.SearchActivity { <init>(); }
-keep class me.devsaki.hentoid.activities.SplashActivity { <init>(); }
-keep class me.devsaki.hentoid.activities.ToolsActivity { <init>(); }
-keep class me.devsaki.hentoid.activities.UnlockActivity { <init>(); }
-keep class me.devsaki.hentoid.activities.sources.ASMHentaiActivity { <init>(); }
-keep class me.devsaki.hentoid.activities.sources.AllPornComicActivity { <init>(); }
-keep class me.devsaki.hentoid.activities.sources.DoujinsActivity { <init>(); }
-keep class me.devsaki.hentoid.activities.sources.EHentaiActivity { <init>(); }
-keep class me.devsaki.hentoid.activities.sources.ExHentaiActivity { <init>(); }
-keep class me.devsaki.hentoid.activities.sources.HbrowseActivity { <init>(); }
-keep class me.devsaki.hentoid.activities.sources.HdPornComicsActivity { <init>(); }
-keep class me.devsaki.hentoid.activities.sources.Hentai2ReadActivity { <init>(); }
-keep class me.devsaki.hentoid.activities.sources.HentaifoxActivity { <init>(); }
-keep class me.devsaki.hentoid.activities.sources.HitomiActivity { <init>(); }
-keep class me.devsaki.hentoid.activities.sources.ImhentaiActivity { <init>(); }
-keep class me.devsaki.hentoid.activities.sources.LusciousActivity { <init>(); }
-keep class me.devsaki.hentoid.activities.sources.Manhwa18Activity { <init>(); }
-keep class me.devsaki.hentoid.activities.sources.ManhwaActivity { <init>(); }