app/build/outputs/mapping/release/seeds.txt
me.devsaki.hentoid.fragments.pin.DeactivatePinDialogFragment
me.devsaki.hentoid.util.exception.ParseException
me.devsaki.hentoid.database.domains.QueueRecordCursor
me.devsaki.hentoid.json.core.JsonSiteSettings$JsonSite
me.devsaki.hentoid.parsers.content.ExhentaiContent
me.devsaki.hentoid.json.sources.PixivIllustMetadata$UgoiraData
me.devsaki.hentoid.fragments.pin.DeactivatedPinPreferenceFragment
me.devsaki.hentoid.json.sources.PixivIllustPagesMetadata
me.devsaki.hentoid.util.exception.DownloadInterruptedException
me.devsaki.hentoid.enums.ErrorType$ErrorTypeConverter
me.devsaki.hentoid.parsers.content.AllPornComicContent
me.devsaki.hentoid.widget.PrefetchLinearLayoutManager
me.devsaki.hentoid.fragments.reader.ReaderBrowseModeDialogFragment
me.devsaki.hentoid.json.sources.EHentaiImageQuery
me.devsaki.hentoid.fragments.reader.ReaderGalleryFragment
me.devsaki.hentoid.activities.QueueActivity
me.devsaki.hentoid.fragments.metadata.MetaEditRuleDialogFragment
me.devsaki.hentoid.parsers.content.PorncomixContent
me.devsaki.hentoid.fragments.library.LibraryBottomSortFilterFragment
me.devsaki.hentoid.util.download.RequestOrder$NetworkErrorType
me.devsaki.hentoid.json.GithubRelease$GithubAsset
me.devsaki.hentoid.fragments.queue.ErrorsFragment
me.devsaki.hentoid.receiver.ArchiveNotificationSuccessReceiver
me.devsaki.hentoid.activities.sources.LusciousActivity
me.devsaki.hentoid.parsers.content.HentaifoxContent
me.devsaki.hentoid.workers.StartupWorker
me.devsaki.hentoid.enums.ErrorType
me.devsaki.hentoid.fragments.library.ChangeGroupDialogFragment
me.devsaki.hentoid.json.sources.PixivPreloadMetadata$TagsData
me.devsaki.hentoid.activities.Api29MigrationActivity
me.devsaki.hentoid.enums.Grouping
me.devsaki.hentoid.parsers.content.LusciousContent
me.devsaki.hentoid.parsers.content.DummyContent
me.devsaki.hentoid.database.domains.Attribute_
me.devsaki.hentoid.fragments.reader.ReaderBottomContentFragment
me.devsaki.hentoid.util.exception.FileNotProcessedException
me.devsaki.hentoid.parsers.content.HbrowseContent
me.devsaki.hentoid.json.sources.HitomiGalleryInfo$HitomiTag
me.devsaki.hentoid.services.API29MigrationService
me.devsaki.hentoid.parsers.content.MrmContent
me.devsaki.hentoid.json.JsonAttribute
me.devsaki.hentoid.json.sources.SimplyGalleryMetadata$PagesData
me.devsaki.hentoid.util.exception.NotFoundException
me.devsaki.hentoid.database.domains.GroupItem
me.devsaki.hentoid.json.core.UpdateInfo$SourceAlert
me.devsaki.hentoid.util.exception.GroupNotRemovedException
me.devsaki.hentoid.activities.LibraryActivity
me.devsaki.hentoid.fragments.pin.UnlockPinDialogFragment
me.devsaki.hentoid.activities.sources.ImhentaiActivity
me.devsaki.hentoid.activities.sources.Hentai2ReadActivity
me.devsaki.hentoid.workers.ExternalImportWorker
me.devsaki.hentoid.database.domains.ErrorRecord
me.devsaki.hentoid.parsers.content.ImhentaiContent
me.devsaki.hentoid.enums.AttributeType
me.devsaki.hentoid.json.sources.PixivSeriesMetadata$SeriesData
me.devsaki.hentoid.workers.DuplicateDetectorWorker
me.devsaki.hentoid.util.exception.NetworkingException
me.devsaki.hentoid.enums.StatusContent
me.devsaki.hentoid.customssiv.decoder.SkiaImageRegionDecoder
me.devsaki.hentoid.json.sources.SimplyContentMetadata$PageData
me.devsaki.hentoid.database.domains.GroupItem_
me.devsaki.hentoid.fragments.reader.ReaderPrefsDialogFragment
me.devsaki.hentoid.fragments.library.LibraryBottomGroupsFragment
me.devsaki.hentoid.json.sources.LusciousBookMetadata
me.devsaki.hentoid.util.string_similarity.Cosine
me.devsaki.hentoid.database.domains.AttributeCursor
me.devsaki.hentoid.database.domains.AttributeMap
me.devsaki.hentoid.json.sources.LusciousGalleryMetadata$PictureInfo
me.devsaki.hentoid.activities.RenamingRulesActivity
me.devsaki.hentoid.receiver.PlugEventsReceiver
me.devsaki.hentoid.json.sources.SimplyGalleryMetadata
me.devsaki.hentoid.enums.StatusContent$StatusContentConverter
me.devsaki.hentoid.json.sources.SimplyContentMetadata$LanguageData
...
androidx.viewpager.widget.ViewPager: int mMinimumVelocity
com.github.appintro.internal.CustomFontCache: java.lang.String TAG
com.github.appintro.R$color: int appintro_default_unselected_color
com.github.appintro.R$attr: int buttonPanelSideLayout
com.github.appintro.R$dimen: int abc_text_size_title_material_toolbar
com.github.appintro.R$style: int RtlOverlay_Widget_AppCompat_PopupMenuItem_Shortcut
com.github.appintro.R$color: int primary_text_default_material_dark
com.github.appintro.R$style: int TextAppearance_AppCompat_Widget_Button_Colored
com.github.appintro.R$styleable: int Toolbar_contentInsetEndWithActions
net.sf.sevenzipjbinding.R$drawable: int abc_btn_radio_to_on_mtrl_000
net.sf.sevenzipjbinding.R$styleable: int SearchView_android_inputType
com.github.appintro.AppIntroBase: java.util.List fragments
com.github.appintro.R$styleable: int Layout_android_layout_marginEnd
pl.droidsonroids.jspoon.exception.ConstrucorNotFoundException: long serialVersionUID
androidx.viewpager.widget.ViewPager: int mDrawingOrder
com.github.appintro.R$style: int Platform_ThemeOverlay_AppCompat_Dark
com.github.appintro.R$styleable: int OnClick_targetId
com.github.appintro.R$styleable: int Layout_layout_constraintCircle
com.github.appintro.R$styleable: int AppCompatTheme_switchStyle
net.sf.sevenzipjbinding.PropID: net.sf.sevenzipjbinding.PropID ID
kotlinx.coroutines.scheduling.CoroutineScheduler: long parkedWorkersStack
net.sf.sevenzipjbinding.R$styleable: int LinearLayoutCompat_showDividers
com.github.appintro.R$styleable: int Layout_layout_constraintVertical_chainStyle
com.github.appintro.R$styleable: int StateListDrawable_android_dither
net.sf.sevenzipjbinding.R$styleable: int[] LinearLayoutCompat
net.sf.sevenzipjbinding.R$attr: int spinnerStyle
net.sf.sevenzipjbinding.R$styleable: int AppCompatTheme_selectableItemBackground
com.github.appintro.R$string: int abc_menu_delete_shortcut_label
net.sf.sevenzipjbinding.R$styleable: int LinearLayoutCompat_Layout_android_layout_weight
com.github.appintro.R$id: int sin
net.sf.sevenzipjbinding.R$styleable: int FontFamily_fontProviderFetchTimeout
com.github.appintro.R$styleable: int ActionBar_background
net.sf.sevenzipjbinding.R$style: int Base_Widget_AppCompat_PopupWindow
net.sf.sevenzipjbinding.R$styleable: int ActionBar_homeAsUpIndicator
com.github.appintro.R$attr: int mock_labelBackgroundColor
net.sf.sevenzipjbinding.R$styleable: int AppCompatTextHelper_android_drawableStart
com.github.appintro.R$id: int submit_area
com.github.appintro.R$dimen: int highlight_alpha_material_dark
com.google.common.collect.LinkedHashMultimap: long serialVersionUID
com.github.appintro.R$styleable: int ColorStateListItem_android_alpha
com.github.appintro.R$styleable: int Constraint_layout_constraintEnd_toEndOf
net.sf.sevenzipjbinding.R$style: int Base_Theme_AppCompat_Light_DarkActionBar
com.github.appintro.R$style: int Base_ThemeOverlay_AppCompat
com.github.appintro.R$styleable: int AppCompatTheme_colorButtonNormal
com.github.appintro.R$style: int RtlOverlay_Widget_AppCompat_PopupMenuItem_SubmenuArrow
net.sf.sevenzipjbinding.R$attr: int divider
net.sf.sevenzipjbinding.R$style: int Base_Theme_AppCompat
com.github.appintro.R$styleable: int MotionHelper_onHide
com.github.appintro.R$attr: int layout_constraintEnd_toEndOf
com.github.appintro.R$styleable: int Spinner_android_popupBackground
com.google.android.gms.internal.measurement.zzgc: com.google.android.gms.internal.measurement.zzkl zzH
net.sf.sevenzipjbinding.R$attr: int goIcon
com.github.appintro.R$styleable: int KeyTimeCycle_android_elevation
com.github.appintro.R$styleable: int Toolbar_contentInsetEnd
com.mikepenz.fastadapter.R$string: int define_fastadapter
com.google.common.collect.TreeMultimap: long serialVersionUID
com.github.appintro.R$color: int notification_action_color_filter
com.github.appintro.R$attr: int contentInsetRight
com.github.appintro.R$anim: int btn_checkbox_to_checked_box_inner_merged_animation