app/build/outputs/mapping/release/usage.txt
me.devsaki.hentoid.BuildConfig
me.devsaki.hentoid.R$anim
me.devsaki.hentoid.R$animator
me.devsaki.hentoid.R$array
me.devsaki.hentoid.R$attr
me.devsaki.hentoid.R$bool
me.devsaki.hentoid.R$color
me.devsaki.hentoid.R$dimen
me.devsaki.hentoid.R$drawable
me.devsaki.hentoid.R$id
me.devsaki.hentoid.R$integer
me.devsaki.hentoid.R$interpolator
me.devsaki.hentoid.R$layout
me.devsaki.hentoid.R$menu
me.devsaki.hentoid.R$navigation
me.devsaki.hentoid.R$plurals
me.devsaki.hentoid.R$raw
me.devsaki.hentoid.R$string:
    public static final int _default
    public static final int abc_action_bar_home_description
    public static final int abc_action_bar_up_description
    public static final int abc_action_menu_overflow_description
    public static final int abc_action_mode_done
    public static final int abc_activity_chooser_view_see_all
    public static final int abc_activitychooserview_choose_application
    public static final int abc_capital_off
    public static final int abc_capital_on
    public static final int abc_menu_alt_shortcut_label
    public static final int abc_menu_ctrl_shortcut_label
    public static final int abc_menu_delete_shortcut_label
    public static final int abc_menu_enter_shortcut_label
    public static final int abc_menu_function_shortcut_label
    public static final int abc_menu_meta_shortcut_label
    public static final int abc_menu_shift_shortcut_label
    public static final int abc_menu_space_shortcut_label
    public static final int abc_menu_sym_shortcut_label
    public static final int abc_prepend_shortcut_label
    public static final int abc_search_hint
    public static final int abc_searchview_description_clear
    public static final int abc_searchview_description_query
    public static final int abc_searchview_description_search
    public static final int abc_searchview_description_submit
    public static final int abc_searchview_description_voice
me.devsaki.hentoid.R$style
me.devsaki.hentoid.R$styleable:
    public static final int AboutLibrariesTheme_aboutLibrariesStyle
    public static final int AboutLibraries_aboutLibrariesCardBackground
    public static final int AboutLibraries_aboutLibrariesDescriptionDivider
    public static final int AboutLibraries_aboutLibrariesDescriptionText
    public static final int AboutLibraries_aboutLibrariesDescriptionTitle
    public static final int AboutLibraries_aboutLibrariesOpenSourceDivider
    public static final int AboutLibraries_aboutLibrariesOpenSourceText
    public static final int AboutLibraries_aboutLibrariesOpenSourceTitle
    public static final int AboutLibraries_aboutLibrariesSpecialButtonText
    public static final int ActionBarLayout_android_layout_gravity
    public static final int ActionBar_background
    public static final int ActionBar_backgroundSplit
    public static final int ActionBar_backgroundStacked
    public static final int ActionBar_contentInsetEnd
    public static final int ActionBar_contentInsetEndWithActions
    public static final int ActionBar_contentInsetLeft
    public static final int ActionBar_contentInsetRight
    public static final int ActionBar_contentInsetStart
    public static final int ActionBar_contentInsetStartWithNavigation
    public static final int ActionBar_customNavigationLayout
    public static final int ActionBar_displayOptions
    public static final int ActionBar_divider
    public static final int ActionBar_elevation
me.devsaki.hentoid.R$xml
me.devsaki.hentoid.R
me.devsaki.hentoid.activities.BaseActivity:
    protected void <init>(int)
me.devsaki.hentoid.activities.MetadataEditActivity$Companion:
    public final com.bumptech.glide.load.Transformation getCenterInside()
    public final com.bumptech.glide.request.RequestOptions getGlideRequestOptions()
...
com.google.common.collect.Multisets$FilteredMultiset$1
com.google.common.collect.Multisets$FilteredMultiset
com.google.common.collect.Multisets$UnmodifiableMultiset
com.google.common.collect.Multisets:
    private void <init>()
    public static boolean containsOccurrences(com.google.common.collect.Multiset,com.google.common.collect.Multiset)
    public static com.google.common.collect.ImmutableMultiset copyHighestCountFirst(com.google.common.collect.Multiset)
    public static com.google.common.collect.Multiset difference(com.google.common.collect.Multiset,com.google.common.collect.Multiset)
    public static com.google.common.collect.Multiset filter(com.google.common.collect.Multiset,com.google.common.base.Predicate)
    public static com.google.common.collect.Multiset intersection(com.google.common.collect.Multiset,com.google.common.collect.Multiset)
    public static boolean removeOccurrences(com.google.common.collect.Multiset,java.lang.Iterable)
    private static boolean removeOccurrencesImpl(com.google.common.collect.Multiset,com.google.common.collect.Multiset)
    private static boolean removeOccurrencesImpl(com.google.common.collect.Multiset,java.lang.Iterable)
    public static boolean retainOccurrences(com.google.common.collect.Multiset,com.google.common.collect.Multiset)
    private static boolean retainOccurrencesImpl(com.google.common.collect.Multiset,com.google.common.collect.Multiset)
    public static com.google.common.collect.Multiset sum(com.google.common.collect.Multiset,com.google.common.collect.Multiset)
com.google.common.collect.MutableClassToInstanceMap$1
com.google.common.collect.MutableClassToInstanceMap
com.google.common.collect.NullsFirstOrdering
com.google.common.collect.NullsLastOrdering
com.google.common.collect.ObjectArrays:
    private void <init>()
    public static java.lang.Object[] concat(java.lang.Object,java.lang.Object[])
    public static java.lang.Object[] concat(java.lang.Object[],java.lang.Object)
    public static java.lang.Object[] concat(java.lang.Object[],java.lang.Object[],java.lang.Class)
    static java.lang.Object[] copyAsObjectArray(java.lang.Object[],int,int)
    public static java.lang.Object[] newArray(java.lang.Class,int)
    static void swap(java.lang.Object[],int,int)
    static java.lang.Object[] toArrayImpl(java.util.Collection)
    static java.lang.Object[] toArrayImpl(java.lang.Object[],int,int,java.lang.Object[])
com.google.common.collect.Ordering$ArbitraryOrdering$1
com.google.common.collect.Ordering$ArbitraryOrdering
com.google.common.collect.Ordering$ArbitraryOrderingHolder
com.google.common.collect.Ordering$IncomparableValueException